# JRE version: Java(TM) SE Runtime Environment (8.0_65-b17) (build 1.8.0_65-b17)
# Java VM: Java HotSpot(TM) 64-Bit Server VM (25.65-b01 mixed mode windows-amd64 compressed oops)
Heap:
 PSYoungGen      total 120320K, used 43747K [0x00000000eb780000, 0x00000000f3f80000, 0x0000000100000000)
  eden space 113664K, 33% used [0x00000000eb780000,0x00000000edc34220,0x00000000f2680000)
  from space 6656K, 92% used [0x00000000f3900000,0x00000000f3f04c80,0x00000000f3f80000)
  to   space 7680K, 0% used [0x00000000f3080000,0x00000000f3080000,0x00000000f3800000)
 ParOldGen       total 35840K, used 13315K [0x00000000c2600000, 0x00000000c4900000, 0x00000000eb780000)
  object space 35840K, 37% used [0x00000000c2600000,0x00000000c3300fc0,0x00000000c4900000)
 Metaspace       used 27572K, capacity 27944K, committed 28160K, reserved 1075200K
  class space    used 2688K, capacity 2786K, committed 2816K, reserved 1048576K
GC Heap History (10 events):
Event: 7.091 GC heap before
{Heap before GC invocations=5 (full 0):
 PSYoungGen      total 34304K, used 34293K [0x00000000eb780000, 0x00000000edb80000, 0x0000000100000000)
  eden space 31744K, 100% used [0x00000000eb780000,0x00000000ed680000,0x00000000ed680000)
  from space 2560K, 99% used [0x00000000ed900000,0x00000000edb7d5f8,0x00000000edb80000)
  to   space 2560K, 0% used [0x00000000ed680000,0x00000000ed680000,0x00000000ed900000)
 ParOldGen       total 42496K, used 7365K [0x00000000c2600000, 0x00000000c4f80000, 0x00000000eb780000)
  object space 42496K, 17% used [0x00000000c2600000,0x00000000c2d315c8,0x00000000c4f80000)
 Metaspace       used 15999K, capacity 16294K, committed 16512K, reserved 1064960K
  class space    used 1544K, capacity 1633K, committed 1664K, reserved 1048576K
Event: 7.101 GC heap after
Heap after GC invocations=5 (full 0):
 PSYoungGen      total 34304K, used 2549K [0x00000000eb780000, 0x00000000f0280000, 0x0000000100000000)
  eden space 31744K, 0% used [0x00000000eb780000,0x00000000eb780000,0x00000000ed680000)
  from space 2560K, 99% used [0x00000000ed680000,0x00000000ed8fd5f8,0x00000000ed900000)
  to   space 6656K, 0% used [0x00000000efc00000,0x00000000efc00000,0x00000000f0280000)
 ParOldGen       total 42496K, used 11083K [0x00000000c2600000, 0x00000000c4f80000, 0x00000000eb780000)
  object space 42496K, 26% used [0x00000000c2600000,0x00000000c30d2fa0,0x00000000c4f80000)
 Metaspace       used 15999K, capacity 16294K, committed 16512K, reserved 1064960K
  class space    used 1544K, capacity 1633K, committed 1664K, reserved 1048576K
}
Event: 7.790 GC heap before
{Heap before GC invocations=6 (full 0):
 PSYoungGen      total 34304K, used 34158K [0x00000000eb780000, 0x00000000f0280000, 0x0000000100000000)
  eden space 31744K, 99% used [0x00000000eb780000,0x00000000ed65e520,0x00000000ed680000)
  from space 2560K, 99% used [0x00000000ed680000,0x00000000ed8fd5f8,0x00000000ed900000)
  to   space 6656K, 0% used [0x00000000efc00000,0x00000000efc00000,0x00000000f0280000)
 ParOldGen       total 42496K, used 11083K [0x00000000c2600000, 0x00000000c4f80000, 0x00000000eb780000)
  object space 42496K, 26% used [0x00000000c2600000,0x00000000c30d2fa0,0x00000000c4f80000)
 Metaspace       used 19912K, capacity 20116K, committed 20352K, reserved 1067008K
  class space    used 1993K, capacity 2055K, committed 2176K, reserved 1048576K
Event: 7.798 GC heap after
Heap after GC invocations=6 (full 0):
 PSYoungGen      total 69120K, used 6644K [0x00000000eb780000, 0x00000000f0480000, 0x0000000100000000)
  eden space 62464K, 0% used [0x00000000eb780000,0x00000000eb780000,0x00000000ef480000)
  from space 6656K, 99% used [0x00000000efc00000,0x00000000f027d0f0,0x00000000f0280000)
  to   space 7680K, 0% used [0x00000000ef480000,0x00000000ef480000,0x00000000efc00000)
 ParOldGen       total 42496K, used 11157K [0x00000000c2600000, 0x00000000c4f80000, 0x00000000eb780000)
  object space 42496K, 26% used [0x00000000c2600000,0x00000000c30e54d0,0x00000000c4f80000)
 Metaspace       used 19912K, capacity 20116K, committed 20352K, reserved 1067008K
  class space    used 1993K, capacity 2055K, committed 2176K, reserved 1048576K
}
Event: 7.855 GC heap before
{Heap before GC invocations=7 (full 0):
 PSYoungGen      total 69120K, used 10986K [0x00000000eb780000, 0x00000000f0480000, 0x0000000100000000)
  eden space 62464K, 6% used [0x00000000eb780000,0x00000000ebbbdb08,0x00000000ef480000)
  from space 6656K, 99% used [0x00000000efc00000,0x00000000f027d0f0,0x00000000f0280000)
  to   space 7680K, 0% used [0x00000000ef480000,0x00000000ef480000,0x00000000efc00000)
 ParOldGen       total 42496K, used 11157K [0x00000000c2600000, 0x00000000c4f80000, 0x00000000eb780000)
  object space 42496K, 26% used [0x00000000c2600000,0x00000000c30e54d0,0x00000000c4f80000)
 Metaspace       used 20887K, capacity 21172K, committed 21296K, reserved 1069056K
  class space    used 2057K, capacity 2151K, committed 2176K, reserved 1048576K
Event: 7.862 GC heap after
Heap after GC invocations=7 (full 0):
 PSYoungGen      total 70144K, used 3355K [0x00000000eb780000, 0x00000000f4080000, 0x0000000100000000)
  eden space 62464K, 0% used [0x00000000eb780000,0x00000000eb780000,0x00000000ef480000)
  from space 7680K, 43% used [0x00000000ef480000,0x00000000ef7c6d38,0x00000000efc00000)
  to   space 7680K, 0% used [0x00000000f3900000,0x00000000f3900000,0x00000000f4080000)
 ParOldGen       total 42496K, used 12396K [0x00000000c2600000, 0x00000000c4f80000, 0x00000000eb780000)
  object space 42496K, 29% used [0x00000000c2600000,0x00000000c321b010,0x00000000c4f80000)
 Metaspace       used 20887K, capacity 21172K, committed 21296K, reserved 1069056K
  class space    used 2057K, capacity 2151K, committed 2176K, reserved 1048576K
}
Event: 7.862 GC heap before
{Heap before GC invocations=8 (full 1):
 PSYoungGen      total 70144K, used 3355K [0x00000000eb780000, 0x00000000f4080000, 0x0000000100000000)
  eden space 62464K, 0% used [0x00000000eb780000,0x00000000eb780000,0x00000000ef480000)
  from space 7680K, 43% used [0x00000000ef480000,0x00000000ef7c6d38,0x00000000efc00000)
  to   space 7680K, 0% used [0x00000000f3900000,0x00000000f3900000,0x00000000f4080000)
 ParOldGen       total 42496K, used 12396K [0x00000000c2600000, 0x00000000c4f80000, 0x00000000eb780000)
  object space 42496K, 29% used [0x00000000c2600000,0x00000000c321b010,0x00000000c4f80000)
 Metaspace       used 20887K, capacity 21172K, committed 21296K, reserved 1069056K
  class space    used 2057K, capacity 2151K, committed 2176K, reserved 1048576K
Event: 7.910 GC heap after
Heap after GC invocations=8 (full 1):
 PSYoungGen      total 70144K, used 0K [0x00000000eb780000, 0x00000000f4080000, 0x0000000100000000)
  eden space 62464K, 0% used [0x00000000eb780000,0x00000000eb780000,0x00000000ef480000)
  from space 7680K, 0% used [0x00000000ef480000,0x00000000ef480000,0x00000000efc00000)
  to   space 7680K, 0% used [0x00000000f3900000,0x00000000f3900000,0x00000000f4080000)
 ParOldGen       total 35840K, used 13307K [0x00000000c2600000, 0x00000000c4900000, 0x00000000eb780000)
  object space 35840K, 37% used [0x00000000c2600000,0x00000000c32fefc0,0x00000000c4900000)
 Metaspace       used 20887K, capacity 21172K, committed 21296K, reserved 1069056K
  class space    used 2057K, capacity 2151K, committed 2176K, reserved 1048576K
}
Event: 9.083 GC heap before
{Heap before GC invocations=9 (full 1):
 PSYoungGen      total 70144K, used 62464K [0x00000000eb780000, 0x00000000f4080000, 0x0000000100000000)
  eden space 62464K, 100% used [0x00000000eb780000,0x00000000ef480000,0x00000000ef480000)
  from space 7680K, 0% used [0x00000000ef480000,0x00000000ef480000,0x00000000efc00000)
  to   space 7680K, 0% used [0x00000000f3900000,0x00000000f3900000,0x00000000f4080000)
 ParOldGen       total 35840K, used 13307K [0x00000000c2600000, 0x00000000c4900000, 0x00000000eb780000)
  object space 35840K, 37% used [0x00000000c2600000,0x00000000c32fefc0,0x00000000c4900000)
 Metaspace       used 26717K, capacity 27070K, committed 27392K, reserved 1073152K
  class space    used 2622K, capacity 2702K, committed 2816K, reserved 1048576K
Event: 9.091 GC heap after
Heap after GC invocations=9 (full 1):
 PSYoungGen      total 120320K, used 6163K [0x00000000eb780000, 0x00000000f3f80000, 0x0000000100000000)
  eden space 113664K, 0% used [0x00000000eb780000,0x00000000eb780000,0x00000000f2680000)
  from space 6656K, 92% used [0x00000000f3900000,0x00000000f3f04c80,0x00000000f3f80000)
  to   space 7680K, 0% used [0x00000000f3080000,0x00000000f3080000,0x00000000f3800000)
 ParOldGen       total 35840K, used 13315K [0x00000000c2600000, 0x00000000c4900000, 0x00000000eb780000)
  object space 35840K, 37% used [0x00000000c2600000,0x00000000c3300fc0,0x00000000c4900000)
 Metaspace       used 26717K, capacity 27070K, committed 27392K, reserved 1073152K
  class space    used 2622K, capacity 2702K, committed 2816K, reserved 1048576K
}

